<?xml version="1.0" encoding="UTF-8"?>
<!-- Generated by org.testng.reporters.JUnitReportReporter -->
<testsuite hostname="CEL-BLR-LT-164" failures="0" tests="1" name="books.TC_DWS_001_Test" time="3.420" errors="0" timestamp="2025-05-31T14:56:17 IST" skipped="0">
  <testcase classname="books.TC_DWS_001_Test" name="clickOnBooks" time="3.420"/>
</testsuite> <!-- books.TC_DWS_001_Test -->
