<?xml version="1.0" encoding="UTF-8"?>
<!-- Generated by org.testng.reporters.JUnitReportReporter -->
<testsuite hostname="CEL-BLR-LT-164" failures="0" tests="1" name="computers.TC_DWS_010_Test" time="3.088" errors="0" timestamp="2025-05-31T14:56:17 IST" skipped="0">
  <testcase classname="computers.TC_DWS_010_Test" name="clickOnComputers" time="3.088"/>
</testsuite> <!-- computers.TC_DWS_010_Test -->
